<?xml version="1.0" encoding="UTF-8"?>
<testsuite name="co.com.ceiba.estacionamiento.ceibaestacionamientoapi.CeibaEstacionamientoApiApplicationTests" tests="1" skipped="0" failures="0" errors="0" timestamp="2018-07-23T16:20:45" hostname="ANDREA-FLOREZ" time="0.002">
  <properties/>
  <testcase name="contextLoads" classname="co.com.ceiba.estacionamiento.ceibaestacionamientoapi.CeibaEstacionamientoApiApplicationTests" time="0.002"/>
  <system-out><![CDATA[2018-07-23 11:20:44.311  INFO 19272 --- [    Test worker] .b.t.c.SpringBootTestContextBootstrapper : Neither @ContextConfiguration nor @ContextHierarchy found for test class [co.com.ceiba.estacionamiento.ceibaestacionamientoapi.CeibaEstacionamientoApiApplicationTests], using SpringBootContextLoader
2018-07-23 11:20:44.311  INFO 19272 --- [    Test worker] o.s.t.c.support.AbstractContextLoader    : Could not detect default resource locations for test class [co.com.ceiba.estacionamiento.ceibaestacionamientoapi.CeibaEstacionamientoApiApplicationTests]: no resource found for suffixes {-context.xml, Context.groovy}.
2018-07-23 11:20:44.311  INFO 19272 --- [    Test worker] t.c.s.AnnotationConfigContextLoaderUtils : Could not detect default configuration classes for test class [co.com.ceiba.estacionamiento.ceibaestacionamientoapi.CeibaEstacionamientoApiApplicationTests]: CeibaEstacionamientoApiApplicationTests does not declare any static, non-private, non-final, nested classes annotated with @Configuration.
2018-07-23 11:20:44.327  INFO 19272 --- [    Test worker] .b.t.c.SpringBootTestContextBootstrapper : Found @SpringBootConfiguration co.com.ceiba.estacionamiento.ceibaestacionamientoapi.CeibaEstacionamientoApiApplication for test class co.com.ceiba.estacionamiento.ceibaestacionamientoapi.CeibaEstacionamientoApiApplicationTests
2018-07-23 11:20:44.327  INFO 19272 --- [    Test worker] .b.t.c.SpringBootTestContextBootstrapper : Loaded default TestExecutionListener class names from location [META-INF/spring.factories]: [org.springframework.boot.test.autoconfigure.restdocs.RestDocsTestExecutionListener, org.springframework.boot.test.autoconfigure.web.client.MockRestServiceServerResetTestExecutionListener, org.springframework.boot.test.autoconfigure.web.servlet.MockMvcPrintOnlyOnFailureTestExecutionListener, org.springframework.boot.test.autoconfigure.web.servlet.WebDriverTestExecutionListener, org.springframework.boot.test.mock.mockito.MockitoTestExecutionListener, org.springframework.boot.test.mock.mockito.ResetMocksTestExecutionListener, org.springframework.test.context.web.ServletTestExecutionListener, org.springframework.test.context.support.DirtiesContextBeforeModesTestExecutionListener, org.springframework.test.context.support.DependencyInjectionTestExecutionListener, org.springframework.test.context.support.DirtiesContextTestExecutionListener, org.springframework.test.context.transaction.TransactionalTestExecutionListener, org.springframework.test.context.jdbc.SqlScriptsTestExecutionListener]
2018-07-23 11:20:44.327  INFO 19272 --- [    Test worker] .b.t.c.SpringBootTestContextBootstrapper : Using TestExecutionListeners: [org.springframework.test.context.web.ServletTestExecutionListener@6d6412fa, org.springframework.test.context.support.DirtiesContextBeforeModesTestExecutionListener@2453d4fb, org.springframework.boot.test.mock.mockito.MockitoTestExecutionListener@147058de, org.springframework.boot.test.autoconfigure.SpringBootDependencyInjectionTestExecutionListener@1efbc58a, org.springframework.test.context.support.DirtiesContextTestExecutionListener@5345e76d, org.springframework.test.context.transaction.TransactionalTestExecutionListener@698b05f2, org.springframework.test.context.jdbc.SqlScriptsTestExecutionListener@7f2b06b5, org.springframework.boot.test.autoconfigure.restdocs.RestDocsTestExecutionListener@3fbc5b4f, org.springframework.boot.test.autoconfigure.web.client.MockRestServiceServerResetTestExecutionListener@433ebd5a, org.springframework.boot.test.autoconfigure.web.servlet.MockMvcPrintOnlyOnFailureTestExecutionListener@722b845a, org.springframework.boot.test.autoconfigure.web.servlet.WebDriverTestExecutionListener@55922a04, org.springframework.boot.test.mock.mockito.ResetMocksTestExecutionListener@8a965da]

  .   ____          _            __ _ _
 /\\ / ___'_ __ _ _(_)_ __  __ _ \ \ \ \
( ( )\___ | '_ | '_| | '_ \/ _` | \ \ \ \
 \\/  ___)| |_)| | | | | || (_| |  ) ) ) )
  '  |____| .__|_| |_|_| |_\__, | / / / /
 =========|_|==============|___/=/_/_/_/
 :: Spring Boot ::        (v2.0.3.RELEASE)

2018-07-23 11:20:44.358  INFO 19272 --- [    Test worker] .CeibaEstacionamientoApiApplicationTests : Starting CeibaEstacionamientoApiApplicationTests on ANDREA-FLOREZ with PID 19272 (started by andrea.florez in D:\ceiba-estacionamiento-api)
2018-07-23 11:20:44.358  INFO 19272 --- [    Test worker] .CeibaEstacionamientoApiApplicationTests : No active profile set, falling back to default profiles: default
2018-07-23 11:20:44.358  INFO 19272 --- [    Test worker] o.s.w.c.s.GenericWebApplicationContext   : Refreshing org.springframework.web.context.support.GenericWebApplicationContext@7dc8ee14: startup date [Mon Jul 23 11:20:44 COT 2018]; root of context hierarchy
2018-07-23 11:20:44.665  INFO 19272 --- [    Test worker] trationDelegate$BeanPostProcessorChecker : Bean 'org.springframework.transaction.annotation.ProxyTransactionManagementConfiguration' of type [org.springframework.transaction.annotation.ProxyTransactionManagementConfiguration$$EnhancerBySpringCGLIB$$285bca3] is not eligible for getting processed by all BeanPostProcessors (for example: not eligible for auto-proxying)
2018-07-23 11:20:44.743  INFO 19272 --- [    Test worker] com.zaxxer.hikari.HikariDataSource       : HikariPool-2 - Starting...
2018-07-23 11:20:44.743  INFO 19272 --- [    Test worker] com.zaxxer.hikari.HikariDataSource       : HikariPool-2 - Start completed.
2018-07-23 11:20:44.759  INFO 19272 --- [    Test worker] j.LocalContainerEntityManagerFactoryBean : Building JPA container EntityManagerFactory for persistence unit 'default'
2018-07-23 11:20:44.759  INFO 19272 --- [    Test worker] o.hibernate.jpa.internal.util.LogHelper  : HHH000204: Processing PersistenceUnitInfo [
	name: default
	...]
2018-07-23 11:20:44.783  INFO 19272 --- [    Test worker] org.hibernate.dialect.Dialect            : HHH000400: Using dialect: org.hibernate.dialect.H2Dialect
2018-07-23 11:20:44.810  INFO 19272 --- [    Test worker] o.h.t.schema.internal.SchemaCreatorImpl  : HHH000476: Executing import script 'ScriptSourceInputFromUrl(file:/D:/ceiba-estacionamiento-api/build/resources/main/import.sql)'
2018-07-23 11:20:44.826  INFO 19272 --- [    Test worker] j.LocalContainerEntityManagerFactoryBean : Initialized JPA EntityManagerFactory for persistence unit 'default'
2018-07-23 11:20:44.873  INFO 19272 --- [    Test worker] o.h.h.i.QueryTranslatorFactoryInitiator  : HHH000397: Using ASTQueryTranslatorFactory
2018-07-23 11:20:45.029  INFO 19272 --- [    Test worker] o.s.w.s.handler.SimpleUrlHandlerMapping  : Mapped URL path [/**/favicon.ico] onto handler of type [class org.springframework.web.servlet.resource.ResourceHttpRequestHandler]
2018-07-23 11:20:45.149  INFO 19272 --- [    Test worker] s.w.s.m.m.a.RequestMappingHandlerAdapter : Looking for @ControllerAdvice: org.springframework.web.context.support.GenericWebApplicationContext@7dc8ee14: startup date [Mon Jul 23 11:20:44 COT 2018]; root of context hierarchy
2018-07-23 11:20:45.149  WARN 19272 --- [    Test worker] aWebConfiguration$JpaWebMvcConfiguration : spring.jpa.open-in-view is enabled by default. Therefore, database queries may be performed during view rendering. Explicitly configure spring.jpa.open-in-view to disable this warning
2018-07-23 11:20:45.165  INFO 19272 --- [    Test worker] s.w.s.m.m.a.RequestMappingHandlerMapping : Mapped "{[/parqueadero/listar],methods=[GET]}" onto public org.springframework.http.ResponseEntity<java.util.List<co.com.ceiba.estacionamiento.ceibaestacionamientoapi.models.entity.Tiquete>> co.com.ceiba.estacionamiento.ceibaestacionamientoapi.controllers.ParqueaderoRestController.listarVehiculos()
2018-07-23 11:20:45.165  INFO 19272 --- [    Test worker] s.w.s.m.m.a.RequestMappingHandlerMapping : Mapped "{[/parqueadero/registrar],methods=[POST]}" onto public org.springframework.http.ResponseEntity<co.com.ceiba.estacionamiento.ceibaestacionamientoapi.models.entity.Tiquete> co.com.ceiba.estacionamiento.ceibaestacionamientoapi.controllers.ParqueaderoRestController.registrarEntrada(co.com.ceiba.estacionamiento.ceibaestacionamientoapi.models.entity.Tiquete)
2018-07-23 11:20:45.165  INFO 19272 --- [    Test worker] s.w.s.m.m.a.RequestMappingHandlerMapping : Mapped "{[/parqueadero/facturar/{id}],methods=[PUT]}" onto public org.springframework.http.ResponseEntity<co.com.ceiba.estacionamiento.ceibaestacionamientoapi.models.entity.Tiquete> co.com.ceiba.estacionamiento.ceibaestacionamientoapi.controllers.ParqueaderoRestController.generarTiquete(java.lang.Long)
2018-07-23 11:20:45.165  INFO 19272 --- [    Test worker] s.w.s.m.m.a.RequestMappingHandlerMapping : Mapped "{[/error]}" onto public org.springframework.http.ResponseEntity<java.util.Map<java.lang.String, java.lang.Object>> org.springframework.boot.autoconfigure.web.servlet.error.BasicErrorController.error(javax.servlet.http.HttpServletRequest)
2018-07-23 11:20:45.165  INFO 19272 --- [    Test worker] s.w.s.m.m.a.RequestMappingHandlerMapping : Mapped "{[/error],produces=[text/html]}" onto public org.springframework.web.servlet.ModelAndView org.springframework.boot.autoconfigure.web.servlet.error.BasicErrorController.errorHtml(javax.servlet.http.HttpServletRequest,javax.servlet.http.HttpServletResponse)
2018-07-23 11:20:45.200  INFO 19272 --- [    Test worker] o.s.w.s.handler.SimpleUrlHandlerMapping  : Mapped URL path [/webjars/**] onto handler of type [class org.springframework.web.servlet.resource.ResourceHttpRequestHandler]
2018-07-23 11:20:45.200  INFO 19272 --- [    Test worker] o.s.w.s.handler.SimpleUrlHandlerMapping  : Mapped URL path [/**] onto handler of type [class org.springframework.web.servlet.resource.ResourceHttpRequestHandler]
2018-07-23 11:20:45.358  INFO 19272 --- [    Test worker] .CeibaEstacionamientoApiApplicationTests : Started CeibaEstacionamientoApiApplicationTests in 1.031 seconds (JVM running for 10.691)
]]></system-out>
  <system-err><![CDATA[]]></system-err>
</testsuite>
