<?xml version="1.0" encoding="UTF-8"?>
<testsuite name="co.com.ceiba.estacionamiento.ceibaestacionamientoapi.controllers.ParqueaderoRestControllerTest" tests="4" skipped="0" failures="0" errors="0" timestamp="2018-07-23T15:55:47" hostname="ANDREA-FLOREZ" time="0.604">
  <properties/>
  <testcase name="listarTiquetesTest" classname="co.com.ceiba.estacionamiento.ceibaestacionamientoapi.controllers.ParqueaderoRestControllerTest" time="0.394"/>
  <testcase name="facturarTest" classname="co.com.ceiba.estacionamiento.ceibaestacionamientoapi.controllers.ParqueaderoRestControllerTest" time="0.073"/>
  <testcase name="isRegistrarEntradaTest" classname="co.com.ceiba.estacionamiento.ceibaestacionamientoapi.controllers.ParqueaderoRestControllerTest" time="0.101"/>
  <testcase name="noRegistrarEntradaTest" classname="co.com.ceiba.estacionamiento.ceibaestacionamientoapi.controllers.ParqueaderoRestControllerTest" time="0.034"/>
  <system-out><![CDATA[]]></system-out>
  <system-err><![CDATA[]]></system-err>
</testsuite>
