<?xml version="1.0" encoding="UTF-8"?>
<testsuite name="co.com.ceiba.estacionamiento.ceibaestacionamientoapi.controllers.ParqueaderoRestControllerTest" tests="8" skipped="0" failures="0" errors="0" timestamp="2018-08-01T18:00:25" hostname="ANDREA-FLOREZ" time="0.419">
  <properties/>
  <testcase name="facturasNoEncontradasTest" classname="co.com.ceiba.estacionamiento.ceibaestacionamientoapi.controllers.ParqueaderoRestControllerTest" time="0.087"/>
  <testcase name="buscarRegistroTest" classname="co.com.ceiba.estacionamiento.ceibaestacionamientoapi.controllers.ParqueaderoRestControllerTest" time="0.093"/>
  <testcase name="listarFacturasTest" classname="co.com.ceiba.estacionamiento.ceibaestacionamientoapi.controllers.ParqueaderoRestControllerTest" time="0.011"/>
  <testcase name="facturarTest" classname="co.com.ceiba.estacionamiento.ceibaestacionamientoapi.controllers.ParqueaderoRestControllerTest" time="0.111"/>
  <testcase name="listarRegistrosTest" classname="co.com.ceiba.estacionamiento.ceibaestacionamientoapi.controllers.ParqueaderoRestControllerTest" time="0.007"/>
  <testcase name="registrarEntradaTest" classname="co.com.ceiba.estacionamiento.ceibaestacionamientoapi.controllers.ParqueaderoRestControllerTest" time="0.089"/>
  <testcase name="registroNoEncontradoTest" classname="co.com.ceiba.estacionamiento.ceibaestacionamientoapi.controllers.ParqueaderoRestControllerTest" time="0.006"/>
  <testcase name="registrosNoEncontradosTest" classname="co.com.ceiba.estacionamiento.ceibaestacionamientoapi.controllers.ParqueaderoRestControllerTest" time="0.007"/>
  <system-out><![CDATA[2018-08-01 13:00:23.694  INFO 11600 --- [    Test worker] .b.t.c.SpringBootTestContextBootstrapper : Neither @ContextConfiguration nor @ContextHierarchy found for test class [co.com.ceiba.estacionamiento.ceibaestacionamientoapi.controllers.ParqueaderoRestControllerTest], using SpringBootContextLoader
2018-08-01 13:00:23.695  INFO 11600 --- [    Test worker] o.s.t.c.support.AbstractContextLoader    : Could not detect default resource locations for test class [co.com.ceiba.estacionamiento.ceibaestacionamientoapi.controllers.ParqueaderoRestControllerTest]: no resource found for suffixes {-context.xml, Context.groovy}.
2018-08-01 13:00:23.711  INFO 11600 --- [    Test worker] .b.t.c.SpringBootTestContextBootstrapper : Loaded default TestExecutionListener class names from location [META-INF/spring.factories]: [org.springframework.boot.test.autoconfigure.restdocs.RestDocsTestExecutionListener, org.springframework.boot.test.autoconfigure.web.client.MockRestServiceServerResetTestExecutionListener, org.springframework.boot.test.autoconfigure.web.servlet.MockMvcPrintOnlyOnFailureTestExecutionListener, org.springframework.boot.test.autoconfigure.web.servlet.WebDriverTestExecutionListener, org.springframework.boot.test.mock.mockito.MockitoTestExecutionListener, org.springframework.boot.test.mock.mockito.ResetMocksTestExecutionListener, org.springframework.test.context.web.ServletTestExecutionListener, org.springframework.test.context.support.DirtiesContextBeforeModesTestExecutionListener, org.springframework.test.context.support.DependencyInjectionTestExecutionListener, org.springframework.test.context.support.DirtiesContextTestExecutionListener, org.springframework.test.context.transaction.TransactionalTestExecutionListener, org.springframework.test.context.jdbc.SqlScriptsTestExecutionListener]
2018-08-01 13:00:23.712  INFO 11600 --- [    Test worker] .b.t.c.SpringBootTestContextBootstrapper : Using TestExecutionListeners: [org.springframework.test.context.web.ServletTestExecutionListener@582f385a, org.springframework.test.context.support.DirtiesContextBeforeModesTestExecutionListener@4c135998, org.springframework.boot.test.mock.mockito.MockitoTestExecutionListener@48742e9d, org.springframework.boot.test.autoconfigure.SpringBootDependencyInjectionTestExecutionListener@56e9ff56, org.springframework.test.context.support.DirtiesContextTestExecutionListener@77a5e039, org.springframework.test.context.transaction.TransactionalTestExecutionListener@212ca8cc, org.springframework.test.context.jdbc.SqlScriptsTestExecutionListener@48456ab2, org.springframework.boot.test.autoconfigure.restdocs.RestDocsTestExecutionListener@51cf3fa3, org.springframework.boot.test.autoconfigure.web.client.MockRestServiceServerResetTestExecutionListener@933a98b, org.springframework.boot.test.autoconfigure.web.servlet.MockMvcPrintOnlyOnFailureTestExecutionListener@4d1d1aa9, org.springframework.boot.test.autoconfigure.web.servlet.WebDriverTestExecutionListener@2e6ee942, org.springframework.boot.test.mock.mockito.ResetMocksTestExecutionListener@6f4e90b]

  .   ____          _            __ _ _
 /\\ / ___'_ __ _ _(_)_ __  __ _ \ \ \ \
( ( )\___ | '_ | '_| | '_ \/ _` | \ \ \ \
 \\/  ___)| |_)| | | | | || (_| |  ) ) ) )
  '  |____| .__|_| |_|_| |_\__, | / / / /
 =========|_|==============|___/=/_/_/_/
 :: Spring Boot ::        (v2.0.3.RELEASE)

2018-08-01 13:00:23.754  INFO 11600 --- [    Test worker] .c.c.e.c.c.ParqueaderoRestControllerTest : Starting ParqueaderoRestControllerTest on ANDREA-FLOREZ with PID 11600 (started by andrea.florez in D:\ceiba-estacionamiento-api)
2018-08-01 13:00:23.755  INFO 11600 --- [    Test worker] .c.c.e.c.c.ParqueaderoRestControllerTest : No active profile set, falling back to default profiles: default
2018-08-01 13:00:23.758  INFO 11600 --- [    Test worker] ConfigServletWebServerApplicationContext : Refreshing org.springframework.boot.web.servlet.context.AnnotationConfigServletWebServerApplicationContext@a274cc9: startup date [Wed Aug 01 13:00:23 COT 2018]; root of context hierarchy
2018-08-01 13:00:24.525  INFO 11600 --- [    Test worker] trationDelegate$BeanPostProcessorChecker : Bean 'org.springframework.transaction.annotation.ProxyTransactionManagementConfiguration' of type [org.springframework.transaction.annotation.ProxyTransactionManagementConfiguration$$EnhancerBySpringCGLIB$$cfa689ca] is not eligible for getting processed by all BeanPostProcessors (for example: not eligible for auto-proxying)
2018-08-01 13:00:24.803  INFO 11600 --- [    Test worker] o.s.b.w.embedded.tomcat.TomcatWebServer  : Tomcat initialized with port(s): 0 (http)
2018-08-01 13:00:24.865  INFO 11600 --- [    Test worker] o.apache.catalina.core.StandardService   : Starting service [Tomcat]
2018-08-01 13:00:24.865  INFO 11600 --- [    Test worker] org.apache.catalina.core.StandardEngine  : Starting Servlet Engine: Apache Tomcat/8.5.31
2018-08-01 13:00:24.880  INFO 11600 --- [ost-startStop-1] o.a.catalina.core.AprLifecycleListener   : The APR based Apache Tomcat Native library which allows optimal performance in production environments was not found on the java.library.path: [C:\Program Files\Java\jdk1.8.0_171\bin;C:\Windows\Sun\Java\bin;C:\Windows\system32;C:\Windows;C:/Program Files/Java/jre1.8.0_171/bin/server;C:/Program Files/Java/jre1.8.0_171/bin;C:/Program Files/Java/jre1.8.0_171/lib/amd64;C:\Program Files (x86)\Common Files\Oracle\Java\javapath;C:\Program Files (x86)\Intel\Intel(R) Management Engine Components\iCLS\;C:\Program Files\Intel\Intel(R) Management Engine Components\iCLS\;C:\Oracle\product\11.1.0\client_1\bin;C:\Program Files\CollabNet\Subversion Client;C:\Windows\system32;C:\Windows;C:\Windows\System32\Wbem;C:\Windows\System32\WindowsPowerShell\v1.0\;C:\Windows\System32\OpenSSH\;C:\Program Files\TortoiseSVN\bin;C:\Program Files (x86)\Intel\Intel(R) Management Engine Components\DAL;C:\Program Files\Intel\Intel(R) Management Engine Components\DAL;C:\Program Files (x86)\Intel\Intel(R) Management Engine Components\IPT;C:\Program Files\Intel\Intel(R) Management Engine Components\IPT;C:\Program Files\Git\cmd;C:\Program Files\PuTTY\;C:\Program Files\Microsoft VS Code\bin;C:\Program Files\nodejs\;C:\Users\andrea.florez\AppData\Local\Microsoft\WindowsApps;C:\Users\andrea.florez\AppData\Roaming\npm;D:\eclipse\jee-oxygen\eclipse;;.]
2018-08-01 13:00:25.032  INFO 11600 --- [ost-startStop-1] o.a.c.c.C.[Tomcat].[localhost].[/]       : Initializing Spring embedded WebApplicationContext
2018-08-01 13:00:25.033  INFO 11600 --- [ost-startStop-1] o.s.web.context.ContextLoader            : Root WebApplicationContext: initialization completed in 1275 ms
2018-08-01 13:00:25.161  INFO 11600 --- [ost-startStop-1] o.s.b.w.servlet.ServletRegistrationBean  : Servlet dispatcherServlet mapped to [/]
2018-08-01 13:00:25.164  INFO 11600 --- [ost-startStop-1] o.s.b.w.servlet.ServletRegistrationBean  : Servlet webServlet mapped to [/h2/*]
2018-08-01 13:00:25.169  INFO 11600 --- [ost-startStop-1] o.s.b.w.servlet.FilterRegistrationBean   : Mapping filter: 'characterEncodingFilter' to: [/*]
2018-08-01 13:00:25.170  INFO 11600 --- [ost-startStop-1] o.s.b.w.servlet.FilterRegistrationBean   : Mapping filter: 'hiddenHttpMethodFilter' to: [/*]
2018-08-01 13:00:25.170  INFO 11600 --- [ost-startStop-1] o.s.b.w.servlet.FilterRegistrationBean   : Mapping filter: 'httpPutFormContentFilter' to: [/*]
2018-08-01 13:00:25.170  INFO 11600 --- [ost-startStop-1] o.s.b.w.servlet.FilterRegistrationBean   : Mapping filter: 'requestContextFilter' to: [/*]
2018-08-01 13:00:25.274  INFO 11600 --- [    Test worker] com.zaxxer.hikari.HikariDataSource       : HikariPool-2 - Starting...
2018-08-01 13:00:25.277  INFO 11600 --- [    Test worker] com.zaxxer.hikari.HikariDataSource       : HikariPool-2 - Start completed.
2018-08-01 13:00:25.293  INFO 11600 --- [    Test worker] j.LocalContainerEntityManagerFactoryBean : Building JPA container EntityManagerFactory for persistence unit 'default'
2018-08-01 13:00:25.293  INFO 11600 --- [    Test worker] o.hibernate.jpa.internal.util.LogHelper  : HHH000204: Processing PersistenceUnitInfo [
	name: default
	...]
2018-08-01 13:00:25.303  INFO 11600 --- [    Test worker] org.hibernate.dialect.Dialect            : HHH000400: Using dialect: org.hibernate.dialect.H2Dialect
2018-08-01 13:00:25.342  INFO 11600 --- [    Test worker] o.h.t.schema.internal.SchemaCreatorImpl  : HHH000476: Executing import script 'ScriptSourceInputFromUrl(file:/D:/ceiba-estacionamiento-api/build/resources/main/import.sql)'
2018-08-01 13:00:25.346  INFO 11600 --- [    Test worker] j.LocalContainerEntityManagerFactoryBean : Initialized JPA EntityManagerFactory for persistence unit 'default'
2018-08-01 13:00:25.409  INFO 11600 --- [    Test worker] o.h.h.i.QueryTranslatorFactoryInitiator  : HHH000397: Using ASTQueryTranslatorFactory
2018-08-01 13:00:25.480  INFO 11600 --- [    Test worker] o.s.w.s.handler.SimpleUrlHandlerMapping  : Mapped URL path [/**/favicon.ico] onto handler of type [class org.springframework.web.servlet.resource.ResourceHttpRequestHandler]
2018-08-01 13:00:25.592  INFO 11600 --- [    Test worker] s.w.s.m.m.a.RequestMappingHandlerAdapter : Looking for @ControllerAdvice: org.springframework.boot.web.servlet.context.AnnotationConfigServletWebServerApplicationContext@a274cc9: startup date [Wed Aug 01 13:00:23 COT 2018]; root of context hierarchy
2018-08-01 13:00:25.596  WARN 11600 --- [    Test worker] aWebConfiguration$JpaWebMvcConfiguration : spring.jpa.open-in-view is enabled by default. Therefore, database queries may be performed during view rendering. Explicitly configure spring.jpa.open-in-view to disable this warning
2018-08-01 13:00:25.609  INFO 11600 --- [    Test worker] s.w.s.m.m.a.RequestMappingHandlerMapping : Mapped "{[/parqueadero/listarFacturas],methods=[GET]}" onto public org.springframework.http.ResponseEntity<java.util.List<co.com.ceiba.estacionamiento.ceibaestacionamientoapi.models.entity.RegistroVehiculo>> co.com.ceiba.estacionamiento.ceibaestacionamientoapi.controllers.ParqueaderoRestController.listarFacturas()
2018-08-01 13:00:25.610  INFO 11600 --- [    Test worker] s.w.s.m.m.a.RequestMappingHandlerMapping : Mapped "{[/parqueadero/listarRegistros],methods=[GET]}" onto public org.springframework.http.ResponseEntity<java.util.List<co.com.ceiba.estacionamiento.ceibaestacionamientoapi.models.entity.RegistroVehiculo>> co.com.ceiba.estacionamiento.ceibaestacionamientoapi.controllers.ParqueaderoRestController.listarRegistros()
2018-08-01 13:00:25.610  INFO 11600 --- [    Test worker] s.w.s.m.m.a.RequestMappingHandlerMapping : Mapped "{[/parqueadero/registrar],methods=[POST]}" onto public org.springframework.http.ResponseEntity<co.com.ceiba.estacionamiento.ceibaestacionamientoapi.models.entity.RegistroVehiculo> co.com.ceiba.estacionamiento.ceibaestacionamientoapi.controllers.ParqueaderoRestController.registrarEntrada(co.com.ceiba.estacionamiento.ceibaestacionamientoapi.models.entity.RegistroVehiculo)
2018-08-01 13:00:25.611  INFO 11600 --- [    Test worker] s.w.s.m.m.a.RequestMappingHandlerMapping : Mapped "{[/parqueadero/facturar/{id}],methods=[PUT]}" onto public org.springframework.http.ResponseEntity<co.com.ceiba.estacionamiento.ceibaestacionamientoapi.models.entity.RegistroVehiculo> co.com.ceiba.estacionamiento.ceibaestacionamientoapi.controllers.ParqueaderoRestController.generarSalida(java.lang.Long,co.com.ceiba.estacionamiento.ceibaestacionamientoapi.models.entity.RegistroVehiculo)
2018-08-01 13:00:25.611  INFO 11600 --- [    Test worker] s.w.s.m.m.a.RequestMappingHandlerMapping : Mapped "{[/parqueadero/registro/{id}],methods=[GET]}" onto public org.springframework.http.ResponseEntity<co.com.ceiba.estacionamiento.ceibaestacionamientoapi.models.entity.RegistroVehiculo> co.com.ceiba.estacionamiento.ceibaestacionamientoapi.controllers.ParqueaderoRestController.buscarRegistro(java.lang.Long)
2018-08-01 13:00:25.613  INFO 11600 --- [    Test worker] s.w.s.m.m.a.RequestMappingHandlerMapping : Mapped "{[/error]}" onto public org.springframework.http.ResponseEntity<java.util.Map<java.lang.String, java.lang.Object>> org.springframework.boot.autoconfigure.web.servlet.error.BasicErrorController.error(javax.servlet.http.HttpServletRequest)
2018-08-01 13:00:25.613  INFO 11600 --- [    Test worker] s.w.s.m.m.a.RequestMappingHandlerMapping : Mapped "{[/error],produces=[text/html]}" onto public org.springframework.web.servlet.ModelAndView org.springframework.boot.autoconfigure.web.servlet.error.BasicErrorController.errorHtml(javax.servlet.http.HttpServletRequest,javax.servlet.http.HttpServletResponse)
2018-08-01 13:00:25.632  INFO 11600 --- [    Test worker] o.s.w.s.handler.SimpleUrlHandlerMapping  : Mapped URL path [/webjars/**] onto handler of type [class org.springframework.web.servlet.resource.ResourceHttpRequestHandler]
2018-08-01 13:00:25.632  INFO 11600 --- [    Test worker] o.s.w.s.handler.SimpleUrlHandlerMapping  : Mapped URL path [/**] onto handler of type [class org.springframework.web.servlet.resource.ResourceHttpRequestHandler]
2018-08-01 13:00:25.766  INFO 11600 --- [    Test worker] o.a.c.c.C.[Tomcat].[localhost].[/]       : Initializing Spring FrameworkServlet ''
2018-08-01 13:00:25.767  INFO 11600 --- [    Test worker] o.s.t.web.servlet.TestDispatcherServlet  : FrameworkServlet '': initialization started
2018-08-01 13:00:25.786  INFO 11600 --- [    Test worker] o.s.t.web.servlet.TestDispatcherServlet  : FrameworkServlet '': initialization completed in 19 ms
2018-08-01 13:00:25.875  INFO 11600 --- [    Test worker] o.s.b.w.embedded.tomcat.TomcatWebServer  : Tomcat started on port(s): 64582 (http) with context path ''
2018-08-01 13:00:25.877  INFO 11600 --- [    Test worker] .c.c.e.c.c.ParqueaderoRestControllerTest : Started ParqueaderoRestControllerTest in 2.16 seconds (JVM running for 9.903)

MockHttpServletRequest:
      HTTP Method = GET
      Request URI = /parqueadero/listarFacturas
       Parameters = {}
          Headers = {Accept=[application/json]}
             Body = null
    Session Attrs = {}

Handler:
             Type = co.com.ceiba.estacionamiento.ceibaestacionamientoapi.controllers.ParqueaderoRestController
           Method = public org.springframework.http.ResponseEntity<java.util.List<co.com.ceiba.estacionamiento.ceibaestacionamientoapi.models.entity.RegistroVehiculo>> co.com.ceiba.estacionamiento.ceibaestacionamientoapi.controllers.ParqueaderoRestController.listarFacturas()

Async:
    Async started = false
     Async result = null

Resolved Exception:
             Type = null

ModelAndView:
        View name = null
             View = null
            Model = null

FlashMap:
       Attributes = null

MockHttpServletResponse:
           Status = 204
    Error message = null
          Headers = {}
     Content type = null
             Body = 
    Forwarded URL = null
   Redirected URL = null
          Cookies = []

MockHttpServletRequest:
      HTTP Method = GET
      Request URI = /parqueadero/registro/1
       Parameters = {}
          Headers = {Accept=[application/json]}
             Body = null
    Session Attrs = {}

Handler:
             Type = co.com.ceiba.estacionamiento.ceibaestacionamientoapi.controllers.ParqueaderoRestController
           Method = public org.springframework.http.ResponseEntity<co.com.ceiba.estacionamiento.ceibaestacionamientoapi.models.entity.RegistroVehiculo> co.com.ceiba.estacionamiento.ceibaestacionamientoapi.controllers.ParqueaderoRestController.buscarRegistro(java.lang.Long)

Async:
    Async started = false
     Async result = null

Resolved Exception:
             Type = null

ModelAndView:
        View name = null
             View = null
            Model = null

FlashMap:
       Attributes = null

MockHttpServletResponse:
           Status = 200
    Error message = null
          Headers = {Content-Type=[application/json;charset=UTF-8]}
     Content type = application/json;charset=UTF-8
             Body = {"id":null,"placa":"LTY123","cilindraje":null,"tipoVehiculo":"CARRO","fechaIngreso":"2018-08-01T18:00:25.974+0000","fechaSalida":null,"total":0.0}
    Forwarded URL = null
   Redirected URL = null
          Cookies = []

MockHttpServletRequest:
      HTTP Method = GET
      Request URI = /parqueadero/listarFacturas
       Parameters = {}
          Headers = {Accept=[application/json]}
             Body = null
    Session Attrs = {}

Handler:
             Type = co.com.ceiba.estacionamiento.ceibaestacionamientoapi.controllers.ParqueaderoRestController
           Method = public org.springframework.http.ResponseEntity<java.util.List<co.com.ceiba.estacionamiento.ceibaestacionamientoapi.models.entity.RegistroVehiculo>> co.com.ceiba.estacionamiento.ceibaestacionamientoapi.controllers.ParqueaderoRestController.listarFacturas()

Async:
    Async started = false
     Async result = null

Resolved Exception:
             Type = null

ModelAndView:
        View name = null
             View = null
            Model = null

FlashMap:
       Attributes = null

MockHttpServletResponse:
           Status = 200
    Error message = null
          Headers = {Content-Type=[application/json;charset=UTF-8]}
     Content type = application/json;charset=UTF-8
             Body = [{"id":null,"placa":"LTY123","cilindraje":null,"tipoVehiculo":"CARRO","fechaIngreso":"2018-08-01T18:00:26.068+0000","fechaSalida":"2018-08-01T18:00:26.068+0000","total":0.0}]
    Forwarded URL = null
   Redirected URL = null
          Cookies = []

MockHttpServletRequest:
      HTTP Method = PUT
      Request URI = /parqueadero/facturar/1
       Parameters = {}
          Headers = {Content-Type=[application/json;charset=UTF-8]}
             Body = {"id":null,"placa":"LTY123","cilindraje":null,"tipoVehiculo":"CARRO","fechaIngreso":1533146426080,"fechaSalida":null,"total":0.0}
    Session Attrs = {}

Handler:
             Type = co.com.ceiba.estacionamiento.ceibaestacionamientoapi.controllers.ParqueaderoRestController
           Method = public org.springframework.http.ResponseEntity<co.com.ceiba.estacionamiento.ceibaestacionamientoapi.models.entity.RegistroVehiculo> co.com.ceiba.estacionamiento.ceibaestacionamientoapi.controllers.ParqueaderoRestController.generarSalida(java.lang.Long,co.com.ceiba.estacionamiento.ceibaestacionamientoapi.models.entity.RegistroVehiculo)

Async:
    Async started = false
     Async result = null

Resolved Exception:
             Type = null

ModelAndView:
        View name = null
             View = null
            Model = null

FlashMap:
       Attributes = null

MockHttpServletResponse:
           Status = 200
    Error message = null
          Headers = {Content-Type=[application/json;charset=UTF-8]}
     Content type = application/json;charset=UTF-8
             Body = {"id":null,"placa":"LTY123","cilindraje":null,"tipoVehiculo":"CARRO","fechaIngreso":"2018-08-01T18:00:26.080+0000","fechaSalida":null,"total":0.0}
    Forwarded URL = null
   Redirected URL = null
          Cookies = []

MockHttpServletRequest:
      HTTP Method = GET
      Request URI = /parqueadero/listarRegistros
       Parameters = {}
          Headers = {Accept=[application/json]}
             Body = null
    Session Attrs = {}

Handler:
             Type = co.com.ceiba.estacionamiento.ceibaestacionamientoapi.controllers.ParqueaderoRestController
           Method = public org.springframework.http.ResponseEntity<java.util.List<co.com.ceiba.estacionamiento.ceibaestacionamientoapi.models.entity.RegistroVehiculo>> co.com.ceiba.estacionamiento.ceibaestacionamientoapi.controllers.ParqueaderoRestController.listarRegistros()

Async:
    Async started = false
     Async result = null

Resolved Exception:
             Type = null

ModelAndView:
        View name = null
             View = null
            Model = null

FlashMap:
       Attributes = null

MockHttpServletResponse:
           Status = 200
    Error message = null
          Headers = {Content-Type=[application/json;charset=UTF-8]}
     Content type = application/json;charset=UTF-8
             Body = [{"id":null,"placa":"LTY123","cilindraje":null,"tipoVehiculo":"CARRO","fechaIngreso":"2018-08-01T18:00:26.192+0000","fechaSalida":null,"total":0.0}]
    Forwarded URL = null
   Redirected URL = null
          Cookies = []

MockHttpServletRequest:
      HTTP Method = GET
      Request URI = /parqueadero/registro/-1
       Parameters = {}
          Headers = {Accept=[application/json]}
             Body = null
    Session Attrs = {}

Handler:
             Type = co.com.ceiba.estacionamiento.ceibaestacionamientoapi.controllers.ParqueaderoRestController
           Method = public org.springframework.http.ResponseEntity<co.com.ceiba.estacionamiento.ceibaestacionamientoapi.models.entity.RegistroVehiculo> co.com.ceiba.estacionamiento.ceibaestacionamientoapi.controllers.ParqueaderoRestController.buscarRegistro(java.lang.Long)

Async:
    Async started = false
     Async result = null

Resolved Exception:
             Type = null

ModelAndView:
        View name = null
             View = null
            Model = null

FlashMap:
       Attributes = null

MockHttpServletResponse:
           Status = 204
    Error message = null
          Headers = {}
     Content type = null
             Body = 
    Forwarded URL = null
   Redirected URL = null
          Cookies = []

MockHttpServletRequest:
      HTTP Method = GET
      Request URI = /parqueadero/listarRegistros
       Parameters = {}
          Headers = {Accept=[application/json]}
             Body = null
    Session Attrs = {}

Handler:
             Type = co.com.ceiba.estacionamiento.ceibaestacionamientoapi.controllers.ParqueaderoRestController
           Method = public org.springframework.http.ResponseEntity<java.util.List<co.com.ceiba.estacionamiento.ceibaestacionamientoapi.models.entity.RegistroVehiculo>> co.com.ceiba.estacionamiento.ceibaestacionamientoapi.controllers.ParqueaderoRestController.listarRegistros()

Async:
    Async started = false
     Async result = null

Resolved Exception:
             Type = null

ModelAndView:
        View name = null
             View = null
            Model = null

FlashMap:
       Attributes = null

MockHttpServletResponse:
           Status = 204
    Error message = null
          Headers = {}
     Content type = null
             Body = 
    Forwarded URL = null
   Redirected URL = null
          Cookies = []
]]></system-out>
  <system-err><![CDATA[]]></system-err>
</testsuite>
