<?xml version="1.0" encoding="UTF-8"?>
<testsuite name="co.com.ceiba.estacionamiento.ceibaestacionamientoapi.models.services.RegistroVehiculoServiceImplTest" tests="4" skipped="0" failures="0" errors="0" timestamp="2018-07-31T20:42:48" hostname="ANDREA-FLOREZ" time="0.003">
  <properties/>
  <testcase name="cantidadVehiculosParqueadosTest" classname="co.com.ceiba.estacionamiento.ceibaestacionamientoapi.models.services.RegistroVehiculoServiceImplTest" time="0.0"/>
  <testcase name="obtenerTiquetesTest" classname="co.com.ceiba.estacionamiento.ceibaestacionamientoapi.models.services.RegistroVehiculoServiceImplTest" time="0.001"/>
  <testcase name="obtenerTiqueteporIdTest" classname="co.com.ceiba.estacionamiento.ceibaestacionamientoapi.models.services.RegistroVehiculoServiceImplTest" time="0.002"/>
  <testcase name="buscarVehiculoporPlacaTest" classname="co.com.ceiba.estacionamiento.ceibaestacionamientoapi.models.services.RegistroVehiculoServiceImplTest" time="0.0"/>
  <system-out><![CDATA[]]></system-out>
  <system-err><![CDATA[]]></system-err>
</testsuite>
