<?xml version="1.0" encoding="UTF-8"?>
<testsuite name="co.com.ceiba.estacionamiento.ceibaestacionamientoapi.dominio.CalculadoraHorasTest" tests="1" skipped="0" failures="0" errors="0" timestamp="2018-08-01T15:37:39" hostname="ANDREA-FLOREZ" time="0.001">
  <properties/>
  <testcase name="cantidadTotalHorasTest" classname="co.com.ceiba.estacionamiento.ceibaestacionamientoapi.dominio.CalculadoraHorasTest" time="0.001"/>
  <system-out><![CDATA[]]></system-out>
  <system-err><![CDATA[]]></system-err>
</testsuite>
