<?xml version="1.0" encoding="UTF-8"?>
<testsuite name="co.com.ceiba.estacionamiento.ceibaestacionamientoapi.controllers.ParqueaderoRestControllerTest" tests="4" skipped="0" failures="0" errors="0" timestamp="2018-07-23T15:59:26" hostname="ANDREA-FLOREZ" time="0.644">
  <properties/>
  <testcase name="listarTiquetesTest" classname="co.com.ceiba.estacionamiento.ceibaestacionamientoapi.controllers.ParqueaderoRestControllerTest" time="0.416"/>
  <testcase name="facturarTest" classname="co.com.ceiba.estacionamiento.ceibaestacionamientoapi.controllers.ParqueaderoRestControllerTest" time="0.081"/>
  <testcase name="isRegistrarEntradaTest" classname="co.com.ceiba.estacionamiento.ceibaestacionamientoapi.controllers.ParqueaderoRestControllerTest" time="0.111"/>
  <testcase name="noRegistrarEntradaTest" classname="co.com.ceiba.estacionamiento.ceibaestacionamientoapi.controllers.ParqueaderoRestControllerTest" time="0.034"/>
  <system-out><![CDATA[2018-07-23 10:59:26.721  INFO 2004 --- [    Test worker] .b.t.c.SpringBootTestContextBootstrapper : Neither @ContextConfiguration nor @ContextHierarchy found for test class [co.com.ceiba.estacionamiento.ceibaestacionamientoapi.controllers.ParqueaderoRestControllerTest], using SpringBootContextLoader
2018-07-23 10:59:26.722  INFO 2004 --- [    Test worker] o.s.t.c.support.AbstractContextLoader    : Could not detect default resource locations for test class [co.com.ceiba.estacionamiento.ceibaestacionamientoapi.controllers.ParqueaderoRestControllerTest]: no resource found for suffixes {-context.xml, Context.groovy}.
2018-07-23 10:59:26.722  INFO 2004 --- [    Test worker] t.c.s.AnnotationConfigContextLoaderUtils : Could not detect default configuration classes for test class [co.com.ceiba.estacionamiento.ceibaestacionamientoapi.controllers.ParqueaderoRestControllerTest]: ParqueaderoRestControllerTest does not declare any static, non-private, non-final, nested classes annotated with @Configuration.
2018-07-23 10:59:26.731  INFO 2004 --- [    Test worker] .b.t.c.SpringBootTestContextBootstrapper : Found @SpringBootConfiguration co.com.ceiba.estacionamiento.ceibaestacionamientoapi.CeibaEstacionamientoApiApplication for test class co.com.ceiba.estacionamiento.ceibaestacionamientoapi.controllers.ParqueaderoRestControllerTest
2018-07-23 10:59:26.733  INFO 2004 --- [    Test worker] .b.t.c.SpringBootTestContextBootstrapper : Loaded default TestExecutionListener class names from location [META-INF/spring.factories]: [org.springframework.boot.test.autoconfigure.restdocs.RestDocsTestExecutionListener, org.springframework.boot.test.autoconfigure.web.client.MockRestServiceServerResetTestExecutionListener, org.springframework.boot.test.autoconfigure.web.servlet.MockMvcPrintOnlyOnFailureTestExecutionListener, org.springframework.boot.test.autoconfigure.web.servlet.WebDriverTestExecutionListener, org.springframework.boot.test.mock.mockito.MockitoTestExecutionListener, org.springframework.boot.test.mock.mockito.ResetMocksTestExecutionListener, org.springframework.test.context.web.ServletTestExecutionListener, org.springframework.test.context.support.DirtiesContextBeforeModesTestExecutionListener, org.springframework.test.context.support.DependencyInjectionTestExecutionListener, org.springframework.test.context.support.DirtiesContextTestExecutionListener, org.springframework.test.context.transaction.TransactionalTestExecutionListener, org.springframework.test.context.jdbc.SqlScriptsTestExecutionListener]
2018-07-23 10:59:26.734  INFO 2004 --- [    Test worker] .b.t.c.SpringBootTestContextBootstrapper : Using TestExecutionListeners: [org.springframework.test.context.web.ServletTestExecutionListener@2d1264e9, org.springframework.test.context.support.DirtiesContextBeforeModesTestExecutionListener@b4f29c2, org.springframework.boot.test.mock.mockito.MockitoTestExecutionListener@623eaadf, org.springframework.boot.test.autoconfigure.SpringBootDependencyInjectionTestExecutionListener@2fb92af3, org.springframework.test.context.support.DirtiesContextTestExecutionListener@11b236c1, org.springframework.test.context.transaction.TransactionalTestExecutionListener@63c10c0c, org.springframework.test.context.jdbc.SqlScriptsTestExecutionListener@743e3af9, org.springframework.boot.test.autoconfigure.restdocs.RestDocsTestExecutionListener@1236783f, org.springframework.boot.test.autoconfigure.web.client.MockRestServiceServerResetTestExecutionListener@12b24086, org.springframework.boot.test.autoconfigure.web.servlet.MockMvcPrintOnlyOnFailureTestExecutionListener@79789fb0, org.springframework.boot.test.autoconfigure.web.servlet.WebDriverTestExecutionListener@7c949b94, org.springframework.boot.test.mock.mockito.ResetMocksTestExecutionListener@5dc2f3b9]
]]></system-out>
  <system-err><![CDATA[]]></system-err>
</testsuite>
